 [LOGGER] 2025-02-07 09:18:40.154 AM error : controllers/user.controller.js:loginUser - secretOrPrivateKey must have a value
 [LOGGER] 2025-02-07 09:20:41.127 AM error : controllers/user.controller.js:loginUser - secretOrPrivateKey must have a value
 [LOGGER] 2025-02-07 09:47:46.103 AM error : controllers/user.controller.js:updateUser - 
Invalid `prisma.user.update()` invocation:

{
  where: {
    id: 1
  },
  data: {
    name: "Pojok Code",
    userName: "code2",
    password: {},
              ~~
    role: "admin"
  }
}

Argument `password`: Invalid value provided. Expected String, provided Object.
 [LOGGER] 2025-02-07 09:48:37.474 AM error : controllers/user.controller.js:updateUser - 
Invalid `prisma.user.update()` invocation:

{
  where: {
    id: 1
  },
  data: {
    name: "Pojok Code",
    userName: "code2",
    password: {},
              ~~
    role: "admin"
  }
}

Argument `password`: Invalid value provided. Expected String, provided Object.
