 [LOGGER] 2025-02-12 09:11:36.642 AM error : controllers/user.controller.js:verifyAccessToken - TokenExpiredError: jwt expired
 [LOGGER] 2025-02-12 09:11:53.009 AM error : controllers/user.controller.js:loginUser - 
Invalid `prisma.user.findUnique()` invocation:


Can't reach database server at `localhost:3306`

Please make sure your database server is running at `localhost:3306`.
 [LOGGER] 2025-02-12 09:11:53.011 AM error : controllers/user.controller.js:loginUser - 
Invalid `prisma.user.findUnique()` invocation:


Can't reach database server at `localhost:3306`

Please make sure your database server is running at `localhost:3306`.
 [LOGGER] 2025-02-12 09:13:20.647 AM error : uncaughtException: ENOENT: no such file or directory, open 'D:\learning\react\porto\pos_app\backend\src\templates\SupplierTemplate.html'
Error: ENOENT: no such file or directory, open 'D:\learning\react\porto\pos_app\backend\src\templates\SupplierTemplate.html'
    at Object.readFileSync (node:fs:441:20)
    at generatePdf (file:///D:/learning/react/porto/pos_app/backend/src/controllers/supplier.controller.js:181:19)
    at Layer.handle [as handle_request] (D:\learning\react\porto\pos_app\backend\node_modules\express\lib\router\layer.js:95:5)
    at next (D:\learning\react\porto\pos_app\backend\node_modules\express\lib\router\route.js:149:13)
    at autenticate (file:///D:/learning/react/porto/pos_app/backend/src/controllers/error.controller.js:25:9)
    at Layer.handle [as handle_request] (D:\learning\react\porto\pos_app\backend\node_modules\express\lib\router\layer.js:95:5)
    at next (D:\learning\react\porto\pos_app\backend\node_modules\express\lib\router\route.js:149:13)
    at Route.dispatch (D:\learning\react\porto\pos_app\backend\node_modules\express\lib\router\route.js:119:3)
    at Layer.handle [as handle_request] (D:\learning\react\porto\pos_app\backend\node_modules\express\lib\router\layer.js:95:5)
    at D:\learning\react\porto\pos_app\backend\node_modules\express\lib\router\index.js:284:15
    at Function.process_params (D:\learning\react\porto\pos_app\backend\node_modules\express\lib\router\index.js:346:12)
    at next (D:\learning\react\porto\pos_app\backend\node_modules\express\lib\router\index.js:280:10)
    at Function.handle (D:\learning\react\porto\pos_app\backend\node_modules\express\lib\router\index.js:175:3)
    at router (D:\learning\react\porto\pos_app\backend\node_modules\express\lib\router\index.js:47:12)
    at Layer.handle [as handle_request] (D:\learning\react\porto\pos_app\backend\node_modules\express\lib\router\layer.js:95:5)
    at trim_prefix (D:\learning\react\porto\pos_app\backend\node_modules\express\lib\router\index.js:328:13)
 [LOGGER] 2025-02-12 09:13:50.851 AM error : uncaughtException: ENOENT: no such file or directory, open 'D:\learning\react\porto\pos_app\backend\src\templates\SupplierTemplate.html'
Error: ENOENT: no such file or directory, open 'D:\learning\react\porto\pos_app\backend\src\templates\SupplierTemplate.html'
    at Object.readFileSync (node:fs:441:20)
    at generatePdf (file:///D:/learning/react/porto/pos_app/backend/src/controllers/supplier.controller.js:181:19)
    at Layer.handle [as handle_request] (D:\learning\react\porto\pos_app\backend\node_modules\express\lib\router\layer.js:95:5)
    at next (D:\learning\react\porto\pos_app\backend\node_modules\express\lib\router\route.js:149:13)
    at autenticate (file:///D:/learning/react/porto/pos_app/backend/src/controllers/error.controller.js:25:9)
    at Layer.handle [as handle_request] (D:\learning\react\porto\pos_app\backend\node_modules\express\lib\router\layer.js:95:5)
    at next (D:\learning\react\porto\pos_app\backend\node_modules\express\lib\router\route.js:149:13)
    at Route.dispatch (D:\learning\react\porto\pos_app\backend\node_modules\express\lib\router\route.js:119:3)
    at Layer.handle [as handle_request] (D:\learning\react\porto\pos_app\backend\node_modules\express\lib\router\layer.js:95:5)
    at D:\learning\react\porto\pos_app\backend\node_modules\express\lib\router\index.js:284:15
    at Function.process_params (D:\learning\react\porto\pos_app\backend\node_modules\express\lib\router\index.js:346:12)
    at next (D:\learning\react\porto\pos_app\backend\node_modules\express\lib\router\index.js:280:10)
    at Function.handle (D:\learning\react\porto\pos_app\backend\node_modules\express\lib\router\index.js:175:3)
    at router (D:\learning\react\porto\pos_app\backend\node_modules\express\lib\router\index.js:47:12)
    at Layer.handle [as handle_request] (D:\learning\react\porto\pos_app\backend\node_modules\express\lib\router\layer.js:95:5)
    at trim_prefix (D:\learning\react\porto\pos_app\backend\node_modules\express\lib\router\index.js:328:13)
